2024-07-26 00:00:00 [INFO] - Starting ScannerApplication using Java 21.0.3 with PID 18664 (C:\Users\schli\OneDrive\Desktop\project\exchangeScanner\scanner\target\classes started by dmitriydubov in C:\Users\schli\OneDrive\Desktop\project\exchangeScanner\scanner)
2024-07-26 00:00:00 [INFO] - No active profile set, falling back to 1 default profile: "default"
2024-07-26 00:00:00 [INFO] - Multiple Spring Data modules found, entering strict repository configuration mode
2024-07-26 00:00:00 [INFO] - Bootstrapping Spring Data Redis repositories in DEFAULT mode.
2024-07-26 00:00:00 [INFO] - Finished Spring Data repository scanning in 4 ms. Found 0 Redis repository interfaces.
2024-07-26 00:00:00 [INFO] - Multiple Spring Data modules found, entering strict repository configuration mode
2024-07-26 00:00:00 [INFO] - Bootstrapping Spring Data JPA repositories in DEFAULT mode.
2024-07-26 00:00:01 [INFO] - Spring Data JPA - Could not safely identify store assignment for repository candidate interface com.exchange.scanner.security.repository.RefreshTokenRepository; If you want this repository to be a JPA repository, consider annotating your entities with one of these annotations: jakarta.persistence.Entity, jakarta.persistence.MappedSuperclass (preferred), or consider extending one of the following types with your repository: org.springframework.data.jpa.repository.JpaRepository
2024-07-26 00:00:01 [INFO] - Finished Spring Data repository scanning in 179 ms. Found 9 JPA repository interfaces.
2024-07-26 00:00:01 [INFO] - Multiple Spring Data modules found, entering strict repository configuration mode
2024-07-26 00:00:01 [INFO] - Bootstrapping Spring Data Redis repositories in DEFAULT mode.
2024-07-26 00:00:01 [INFO] - Spring Data Redis - Could not safely identify store assignment for repository candidate interface com.exchange.scanner.repositories.ArbitrageLifecycleRepository; If you want this repository to be a Redis repository, consider annotating your entities with one of these annotations: org.springframework.data.redis.core.RedisHash (preferred), or consider extending one of the following types with your repository: org.springframework.data.keyvalue.repository.KeyValueRepository
2024-07-26 00:00:01 [INFO] - Spring Data Redis - Could not safely identify store assignment for repository candidate interface com.exchange.scanner.repositories.AskRepository; If you want this repository to be a Redis repository, consider annotating your entities with one of these annotations: org.springframework.data.redis.core.RedisHash (preferred), or consider extending one of the following types with your repository: org.springframework.data.keyvalue.repository.KeyValueRepository
2024-07-26 00:00:01 [INFO] - Spring Data Redis - Could not safely identify store assignment for repository candidate interface com.exchange.scanner.repositories.BidRepository; If you want this repository to be a Redis repository, consider annotating your entities with one of these annotations: org.springframework.data.redis.core.RedisHash (preferred), or consider extending one of the following types with your repository: org.springframework.data.keyvalue.repository.KeyValueRepository
2024-07-26 00:00:01 [INFO] - Spring Data Redis - Could not safely identify store assignment for repository candidate interface com.exchange.scanner.repositories.ChainRepository; If you want this repository to be a Redis repository, consider annotating your entities with one of these annotations: org.springframework.data.redis.core.RedisHash (preferred), or consider extending one of the following types with your repository: org.springframework.data.keyvalue.repository.KeyValueRepository
2024-07-26 00:00:01 [INFO] - Spring Data Redis - Could not safely identify store assignment for repository candidate interface com.exchange.scanner.repositories.CoinRepository; If you want this repository to be a Redis repository, consider annotating your entities with one of these annotations: org.springframework.data.redis.core.RedisHash (preferred), or consider extending one of the following types with your repository: org.springframework.data.keyvalue.repository.KeyValueRepository
2024-07-26 00:00:01 [INFO] - Spring Data Redis - Could not safely identify store assignment for repository candidate interface com.exchange.scanner.repositories.ExchangeRepository; If you want this repository to be a Redis repository, consider annotating your entities with one of these annotations: org.springframework.data.redis.core.RedisHash (preferred), or consider extending one of the following types with your repository: org.springframework.data.keyvalue.repository.KeyValueRepository
2024-07-26 00:00:01 [INFO] - Spring Data Redis - Could not safely identify store assignment for repository candidate interface com.exchange.scanner.repositories.OrdersBookRepository; If you want this repository to be a Redis repository, consider annotating your entities with one of these annotations: org.springframework.data.redis.core.RedisHash (preferred), or consider extending one of the following types with your repository: org.springframework.data.keyvalue.repository.KeyValueRepository
2024-07-26 00:00:01 [INFO] - Spring Data Redis - Could not safely identify store assignment for repository candidate interface com.exchange.scanner.repositories.UserMarketSettingsRepository; If you want this repository to be a Redis repository, consider annotating your entities with one of these annotations: org.springframework.data.redis.core.RedisHash (preferred), or consider extending one of the following types with your repository: org.springframework.data.keyvalue.repository.KeyValueRepository
2024-07-26 00:00:01 [INFO] - Spring Data Redis - Could not safely identify store assignment for repository candidate interface com.exchange.scanner.security.repository.UserRepository; If you want this repository to be a Redis repository, consider annotating your entities with one of these annotations: org.springframework.data.redis.core.RedisHash (preferred), or consider extending one of the following types with your repository: org.springframework.data.keyvalue.repository.KeyValueRepository
2024-07-26 00:00:01 [INFO] - Finished Spring Data repository scanning in 33 ms. Found 1 Redis repository interface.
2024-07-26 00:00:01 [INFO] - Tomcat initialized with port 8080 (http)
2024-07-26 00:00:01 [INFO] - Initializing ProtocolHandler ["http-nio-8080"]
2024-07-26 00:00:01 [INFO] - Starting service [Tomcat]
2024-07-26 00:00:01 [INFO] - Starting Servlet engine: [Apache Tomcat/10.1.20]
2024-07-26 00:00:01 [INFO] - Initializing Spring embedded WebApplicationContext
2024-07-26 00:00:01 [INFO] - Root WebApplicationContext: initialization completed in 1550 ms
2024-07-26 00:00:01 [INFO] - HHH000204: Processing PersistenceUnitInfo [name: default]
2024-07-26 00:00:01 [INFO] - HHH000412: Hibernate ORM core version 6.4.4.Final
2024-07-26 00:00:02 [INFO] - HHH000026: Second-level cache disabled
2024-07-26 00:00:02 [INFO] - No LoadTimeWeaver setup: ignoring JPA class transformer
2024-07-26 00:00:02 [INFO] - HikariPool-1 - Starting...
2024-07-26 00:00:02 [INFO] - HikariPool-1 - Added connection org.postgresql.jdbc.PgConnection@18d22ecf
2024-07-26 00:00:02 [INFO] - HikariPool-1 - Start completed.
2024-07-26 00:00:03 [INFO] - HHH000489: No JTA platform available (set 'hibernate.transaction.jta.platform' to enable JTA platform integration)
2024-07-26 00:00:03 [INFO] - Initialized JPA EntityManagerFactory for persistence unit 'default'
2024-07-26 00:00:05 [INFO] - Will secure any request with [org.springframework.security.web.session.DisableEncodeUrlFilter@24c6a471, org.springframework.security.web.context.request.async.WebAsyncManagerIntegrationFilter@1fce17b8, org.springframework.security.web.context.SecurityContextHolderFilter@74534564, org.springframework.security.web.header.HeaderWriterFilter@67bf393c, org.springframework.security.web.authentication.logout.LogoutFilter@3c2406dd, com.exchange.scanner.security.service.utils.JwtTokenFilter@54c1878b, org.springframework.security.web.authentication.www.BasicAuthenticationFilter@36d1ac55, org.springframework.security.web.savedrequest.RequestCacheAwareFilter@6d398593, org.springframework.security.web.servletapi.SecurityContextHolderAwareRequestFilter@3d70dab8, org.springframework.security.web.authentication.AnonymousAuthenticationFilter@190677c6, org.springframework.security.web.session.SessionManagementFilter@19b6b7e7, org.springframework.security.web.access.ExceptionTranslationFilter@5e59844f, org.springframework.security.web.access.intercept.AuthorizationFilter@d2161b6]
2024-07-26 00:00:05 [INFO] - Starting ProtocolHandler ["http-nio-8080"]
2024-07-26 00:00:05 [INFO] - Tomcat started on port 8080 (http) with context path ''
2024-07-26 00:00:05 [INFO] - Started ScannerApplication in 5.532 seconds (process running for 6.28)
2024-07-26 00:00:11 [INFO] - Initializing Spring DispatcherServlet 'dispatcherServlet'
2024-07-26 00:00:11 [INFO] - Initializing Servlet 'dispatcherServlet'
2024-07-26 00:00:11 [INFO] - Completed initialization in 1 ms
2024-07-26 00:04:25 [INFO] - Closing JPA EntityManagerFactory for persistence unit 'default'
2024-07-26 00:04:25 [INFO] - HikariPool-1 - Shutdown initiated...
2024-07-26 00:04:25 [INFO] - HikariPool-1 - Shutdown completed.
2024-07-26 00:04:31 [INFO] - Starting ScannerApplication using Java 21.0.3 with PID 13368 (C:\Users\schli\OneDrive\Desktop\project\exchangeScanner\scanner\target\classes started by dmitriydubov in C:\Users\schli\OneDrive\Desktop\project\exchangeScanner\scanner)
2024-07-26 00:04:31 [INFO] - No active profile set, falling back to 1 default profile: "default"
2024-07-26 00:04:31 [INFO] - Multiple Spring Data modules found, entering strict repository configuration mode
2024-07-26 00:04:31 [INFO] - Bootstrapping Spring Data Redis repositories in DEFAULT mode.
2024-07-26 00:04:32 [INFO] - Finished Spring Data repository scanning in 4 ms. Found 0 Redis repository interfaces.
2024-07-26 00:04:32 [INFO] - Multiple Spring Data modules found, entering strict repository configuration mode
2024-07-26 00:04:32 [INFO] - Bootstrapping Spring Data JPA repositories in DEFAULT mode.
2024-07-26 00:04:32 [INFO] - Spring Data JPA - Could not safely identify store assignment for repository candidate interface com.exchange.scanner.security.repository.RefreshTokenRepository; If you want this repository to be a JPA repository, consider annotating your entities with one of these annotations: jakarta.persistence.Entity, jakarta.persistence.MappedSuperclass (preferred), or consider extending one of the following types with your repository: org.springframework.data.jpa.repository.JpaRepository
2024-07-26 00:04:32 [INFO] - Finished Spring Data repository scanning in 165 ms. Found 9 JPA repository interfaces.
2024-07-26 00:04:32 [INFO] - Multiple Spring Data modules found, entering strict repository configuration mode
2024-07-26 00:04:32 [INFO] - Bootstrapping Spring Data Redis repositories in DEFAULT mode.
2024-07-26 00:04:32 [INFO] - Spring Data Redis - Could not safely identify store assignment for repository candidate interface com.exchange.scanner.repositories.ArbitrageLifecycleRepository; If you want this repository to be a Redis repository, consider annotating your entities with one of these annotations: org.springframework.data.redis.core.RedisHash (preferred), or consider extending one of the following types with your repository: org.springframework.data.keyvalue.repository.KeyValueRepository
2024-07-26 00:04:32 [INFO] - Spring Data Redis - Could not safely identify store assignment for repository candidate interface com.exchange.scanner.repositories.AskRepository; If you want this repository to be a Redis repository, consider annotating your entities with one of these annotations: org.springframework.data.redis.core.RedisHash (preferred), or consider extending one of the following types with your repository: org.springframework.data.keyvalue.repository.KeyValueRepository
2024-07-26 00:04:32 [INFO] - Spring Data Redis - Could not safely identify store assignment for repository candidate interface com.exchange.scanner.repositories.BidRepository; If you want this repository to be a Redis repository, consider annotating your entities with one of these annotations: org.springframework.data.redis.core.RedisHash (preferred), or consider extending one of the following types with your repository: org.springframework.data.keyvalue.repository.KeyValueRepository
2024-07-26 00:04:32 [INFO] - Spring Data Redis - Could not safely identify store assignment for repository candidate interface com.exchange.scanner.repositories.ChainRepository; If you want this repository to be a Redis repository, consider annotating your entities with one of these annotations: org.springframework.data.redis.core.RedisHash (preferred), or consider extending one of the following types with your repository: org.springframework.data.keyvalue.repository.KeyValueRepository
2024-07-26 00:04:32 [INFO] - Spring Data Redis - Could not safely identify store assignment for repository candidate interface com.exchange.scanner.repositories.CoinRepository; If you want this repository to be a Redis repository, consider annotating your entities with one of these annotations: org.springframework.data.redis.core.RedisHash (preferred), or consider extending one of the following types with your repository: org.springframework.data.keyvalue.repository.KeyValueRepository
2024-07-26 00:04:32 [INFO] - Spring Data Redis - Could not safely identify store assignment for repository candidate interface com.exchange.scanner.repositories.ExchangeRepository; If you want this repository to be a Redis repository, consider annotating your entities with one of these annotations: org.springframework.data.redis.core.RedisHash (preferred), or consider extending one of the following types with your repository: org.springframework.data.keyvalue.repository.KeyValueRepository
2024-07-26 00:04:32 [INFO] - Spring Data Redis - Could not safely identify store assignment for repository candidate interface com.exchange.scanner.repositories.OrdersBookRepository; If you want this repository to be a Redis repository, consider annotating your entities with one of these annotations: org.springframework.data.redis.core.RedisHash (preferred), or consider extending one of the following types with your repository: org.springframework.data.keyvalue.repository.KeyValueRepository
2024-07-26 00:04:32 [INFO] - Spring Data Redis - Could not safely identify store assignment for repository candidate interface com.exchange.scanner.repositories.UserMarketSettingsRepository; If you want this repository to be a Redis repository, consider annotating your entities with one of these annotations: org.springframework.data.redis.core.RedisHash (preferred), or consider extending one of the following types with your repository: org.springframework.data.keyvalue.repository.KeyValueRepository
2024-07-26 00:04:32 [INFO] - Spring Data Redis - Could not safely identify store assignment for repository candidate interface com.exchange.scanner.security.repository.UserRepository; If you want this repository to be a Redis repository, consider annotating your entities with one of these annotations: org.springframework.data.redis.core.RedisHash (preferred), or consider extending one of the following types with your repository: org.springframework.data.keyvalue.repository.KeyValueRepository
2024-07-26 00:04:32 [INFO] - Finished Spring Data repository scanning in 36 ms. Found 1 Redis repository interface.
2024-07-26 00:04:32 [INFO] - Tomcat initialized with port 8080 (http)
2024-07-26 00:04:32 [INFO] - Initializing ProtocolHandler ["http-nio-8080"]
2024-07-26 00:04:32 [INFO] - Starting service [Tomcat]
2024-07-26 00:04:32 [INFO] - Starting Servlet engine: [Apache Tomcat/10.1.20]
2024-07-26 00:04:32 [INFO] - Initializing Spring embedded WebApplicationContext
2024-07-26 00:04:32 [INFO] - Root WebApplicationContext: initialization completed in 1563 ms
2024-07-26 00:04:33 [INFO] - HHH000204: Processing PersistenceUnitInfo [name: default]
2024-07-26 00:04:33 [INFO] - HHH000412: Hibernate ORM core version 6.4.4.Final
2024-07-26 00:04:33 [INFO] - HHH000026: Second-level cache disabled
2024-07-26 00:04:33 [INFO] - No LoadTimeWeaver setup: ignoring JPA class transformer
2024-07-26 00:04:33 [INFO] - HikariPool-1 - Starting...
2024-07-26 00:04:33 [INFO] - HikariPool-1 - Added connection org.postgresql.jdbc.PgConnection@18d22ecf
2024-07-26 00:04:33 [INFO] - HikariPool-1 - Start completed.
2024-07-26 00:04:34 [INFO] - HHH000489: No JTA platform available (set 'hibernate.transaction.jta.platform' to enable JTA platform integration)
2024-07-26 00:04:34 [INFO] - Initialized JPA EntityManagerFactory for persistence unit 'default'
2024-07-26 00:04:35 [INFO] - Will secure any request with [org.springframework.security.web.session.DisableEncodeUrlFilter@24c6a471, org.springframework.security.web.context.request.async.WebAsyncManagerIntegrationFilter@1fce17b8, org.springframework.security.web.context.SecurityContextHolderFilter@74534564, org.springframework.security.web.header.HeaderWriterFilter@67bf393c, org.springframework.security.web.authentication.logout.LogoutFilter@3c2406dd, com.exchange.scanner.security.service.utils.JwtTokenFilter@54c1878b, org.springframework.security.web.authentication.www.BasicAuthenticationFilter@36d1ac55, org.springframework.security.web.savedrequest.RequestCacheAwareFilter@6d398593, org.springframework.security.web.servletapi.SecurityContextHolderAwareRequestFilter@3d70dab8, org.springframework.security.web.authentication.AnonymousAuthenticationFilter@190677c6, org.springframework.security.web.session.SessionManagementFilter@19b6b7e7, org.springframework.security.web.access.ExceptionTranslationFilter@5e59844f, org.springframework.security.web.access.intercept.AuthorizationFilter@d2161b6]
2024-07-26 00:04:36 [INFO] - Starting ProtocolHandler ["http-nio-8080"]
2024-07-26 00:04:36 [INFO] - Tomcat started on port 8080 (http) with context path ''
2024-07-26 00:04:36 [INFO] - Started ScannerApplication in 5.275 seconds (process running for 6.231)
2024-07-26 00:04:55 [INFO] - Initializing Spring DispatcherServlet 'dispatcherServlet'
2024-07-26 00:04:55 [INFO] - Initializing Servlet 'dispatcherServlet'
2024-07-26 00:04:55 [INFO] - Completed initialization in 4 ms
2024-07-26 00:07:38 [INFO] - Closing JPA EntityManagerFactory for persistence unit 'default'
2024-07-26 00:07:38 [INFO] - HikariPool-1 - Shutdown initiated...
2024-07-26 00:07:38 [INFO] - HikariPool-1 - Shutdown completed.
2024-07-26 00:07:43 [INFO] - Starting ScannerApplication using Java 21.0.3 with PID 11760 (C:\Users\schli\OneDrive\Desktop\project\exchangeScanner\scanner\target\classes started by dmitriydubov in C:\Users\schli\OneDrive\Desktop\project\exchangeScanner\scanner)
2024-07-26 00:07:43 [INFO] - No active profile set, falling back to 1 default profile: "default"
2024-07-26 00:07:44 [INFO] - Multiple Spring Data modules found, entering strict repository configuration mode
2024-07-26 00:07:44 [INFO] - Bootstrapping Spring Data Redis repositories in DEFAULT mode.
2024-07-26 00:07:44 [INFO] - Finished Spring Data repository scanning in 5 ms. Found 0 Redis repository interfaces.
2024-07-26 00:07:44 [INFO] - Multiple Spring Data modules found, entering strict repository configuration mode
2024-07-26 00:07:44 [INFO] - Bootstrapping Spring Data JPA repositories in DEFAULT mode.
2024-07-26 00:07:44 [INFO] - Spring Data JPA - Could not safely identify store assignment for repository candidate interface com.exchange.scanner.security.repository.RefreshTokenRepository; If you want this repository to be a JPA repository, consider annotating your entities with one of these annotations: jakarta.persistence.Entity, jakarta.persistence.MappedSuperclass (preferred), or consider extending one of the following types with your repository: org.springframework.data.jpa.repository.JpaRepository
2024-07-26 00:07:44 [INFO] - Finished Spring Data repository scanning in 171 ms. Found 9 JPA repository interfaces.
2024-07-26 00:07:44 [INFO] - Multiple Spring Data modules found, entering strict repository configuration mode
2024-07-26 00:07:44 [INFO] - Bootstrapping Spring Data Redis repositories in DEFAULT mode.
2024-07-26 00:07:44 [INFO] - Spring Data Redis - Could not safely identify store assignment for repository candidate interface com.exchange.scanner.repositories.ArbitrageLifecycleRepository; If you want this repository to be a Redis repository, consider annotating your entities with one of these annotations: org.springframework.data.redis.core.RedisHash (preferred), or consider extending one of the following types with your repository: org.springframework.data.keyvalue.repository.KeyValueRepository
2024-07-26 00:07:44 [INFO] - Spring Data Redis - Could not safely identify store assignment for repository candidate interface com.exchange.scanner.repositories.AskRepository; If you want this repository to be a Redis repository, consider annotating your entities with one of these annotations: org.springframework.data.redis.core.RedisHash (preferred), or consider extending one of the following types with your repository: org.springframework.data.keyvalue.repository.KeyValueRepository
2024-07-26 00:07:44 [INFO] - Spring Data Redis - Could not safely identify store assignment for repository candidate interface com.exchange.scanner.repositories.BidRepository; If you want this repository to be a Redis repository, consider annotating your entities with one of these annotations: org.springframework.data.redis.core.RedisHash (preferred), or consider extending one of the following types with your repository: org.springframework.data.keyvalue.repository.KeyValueRepository
2024-07-26 00:07:44 [INFO] - Spring Data Redis - Could not safely identify store assignment for repository candidate interface com.exchange.scanner.repositories.ChainRepository; If you want this repository to be a Redis repository, consider annotating your entities with one of these annotations: org.springframework.data.redis.core.RedisHash (preferred), or consider extending one of the following types with your repository: org.springframework.data.keyvalue.repository.KeyValueRepository
2024-07-26 00:07:44 [INFO] - Spring Data Redis - Could not safely identify store assignment for repository candidate interface com.exchange.scanner.repositories.CoinRepository; If you want this repository to be a Redis repository, consider annotating your entities with one of these annotations: org.springframework.data.redis.core.RedisHash (preferred), or consider extending one of the following types with your repository: org.springframework.data.keyvalue.repository.KeyValueRepository
2024-07-26 00:07:44 [INFO] - Spring Data Redis - Could not safely identify store assignment for repository candidate interface com.exchange.scanner.repositories.ExchangeRepository; If you want this repository to be a Redis repository, consider annotating your entities with one of these annotations: org.springframework.data.redis.core.RedisHash (preferred), or consider extending one of the following types with your repository: org.springframework.data.keyvalue.repository.KeyValueRepository
2024-07-26 00:07:44 [INFO] - Spring Data Redis - Could not safely identify store assignment for repository candidate interface com.exchange.scanner.repositories.OrdersBookRepository; If you want this repository to be a Redis repository, consider annotating your entities with one of these annotations: org.springframework.data.redis.core.RedisHash (preferred), or consider extending one of the following types with your repository: org.springframework.data.keyvalue.repository.KeyValueRepository
2024-07-26 00:07:44 [INFO] - Spring Data Redis - Could not safely identify store assignment for repository candidate interface com.exchange.scanner.repositories.UserMarketSettingsRepository; If you want this repository to be a Redis repository, consider annotating your entities with one of these annotations: org.springframework.data.redis.core.RedisHash (preferred), or consider extending one of the following types with your repository: org.springframework.data.keyvalue.repository.KeyValueRepository
2024-07-26 00:07:44 [INFO] - Spring Data Redis - Could not safely identify store assignment for repository candidate interface com.exchange.scanner.security.repository.UserRepository; If you want this repository to be a Redis repository, consider annotating your entities with one of these annotations: org.springframework.data.redis.core.RedisHash (preferred), or consider extending one of the following types with your repository: org.springframework.data.keyvalue.repository.KeyValueRepository
2024-07-26 00:07:44 [INFO] - Finished Spring Data repository scanning in 33 ms. Found 1 Redis repository interface.
2024-07-26 00:07:44 [INFO] - Tomcat initialized with port 8080 (http)
2024-07-26 00:07:44 [INFO] - Initializing ProtocolHandler ["http-nio-8080"]
2024-07-26 00:07:44 [INFO] - Starting service [Tomcat]
2024-07-26 00:07:44 [INFO] - Starting Servlet engine: [Apache Tomcat/10.1.20]
2024-07-26 00:07:45 [INFO] - Initializing Spring embedded WebApplicationContext
2024-07-26 00:07:45 [INFO] - Root WebApplicationContext: initialization completed in 1557 ms
2024-07-26 00:07:45 [INFO] - HHH000204: Processing PersistenceUnitInfo [name: default]
2024-07-26 00:07:45 [INFO] - HHH000412: Hibernate ORM core version 6.4.4.Final
2024-07-26 00:07:45 [INFO] - HHH000026: Second-level cache disabled
2024-07-26 00:07:45 [INFO] - No LoadTimeWeaver setup: ignoring JPA class transformer
2024-07-26 00:07:45 [INFO] - HikariPool-1 - Starting...
2024-07-26 00:07:45 [INFO] - HikariPool-1 - Added connection org.postgresql.jdbc.PgConnection@308c65e0
2024-07-26 00:07:45 [INFO] - HikariPool-1 - Start completed.
2024-07-26 00:07:46 [INFO] - HHH000489: No JTA platform available (set 'hibernate.transaction.jta.platform' to enable JTA platform integration)
2024-07-26 00:07:46 [INFO] - Initialized JPA EntityManagerFactory for persistence unit 'default'
2024-07-26 00:07:47 [INFO] - Will secure any request with [org.springframework.security.web.session.DisableEncodeUrlFilter@3841e77a, org.springframework.security.web.context.request.async.WebAsyncManagerIntegrationFilter@d2161b6, org.springframework.security.web.context.SecurityContextHolderFilter@76334a3a, org.springframework.security.web.header.HeaderWriterFilter@64b7066e, org.springframework.security.web.authentication.logout.LogoutFilter@3a5922ec, com.exchange.scanner.security.service.utils.JwtTokenFilter@4f96e484, org.springframework.security.web.authentication.www.BasicAuthenticationFilter@1ff55410, org.springframework.security.web.savedrequest.RequestCacheAwareFilter@28cfbcc, org.springframework.security.web.servletapi.SecurityContextHolderAwareRequestFilter@67bf393c, org.springframework.security.web.authentication.AnonymousAuthenticationFilter@4a7b42db, org.springframework.security.web.session.SessionManagementFilter@30130a31, org.springframework.security.web.access.ExceptionTranslationFilter@35266985, org.springframework.security.web.access.intercept.AuthorizationFilter@7f8586f9]
2024-07-26 00:07:48 [INFO] - Starting ProtocolHandler ["http-nio-8080"]
2024-07-26 00:07:48 [INFO] - Tomcat started on port 8080 (http) with context path ''
2024-07-26 00:07:48 [INFO] - Started ScannerApplication in 5.118 seconds (process running for 5.861)
